================================================================================
Training started at: 2026-01-22 13:35:46
================================================================================
| Hparams: 
CFE: False, CFE_episodes: 1, RTH: 200000, SNR: False, algorithm_path: agents.ippo.IPPOAgent, 
base_config: ['./env.yaml', 'configs/base_configs/ippo.yaml'], batch_size: 64, clip_param: 0.2, display: False, entropy_coef: 0.01, 
env_battery_capacity: 100, env_collide_range: 1, env_comm_range: 10, env_enable_charger: False, env_enable_obstacle: False, 
env_major_point_min_distant_percent: 0.25, env_num_agent: 4, env_num_charger: 3, env_num_circle_obstacle: 1, env_num_grid: 50, 
env_num_major_point: 3, env_num_max_neighbor_agent: 5, env_num_max_neighbor_poi: 10, env_num_poi: 6, env_num_rect_obstacle: 1, 
env_observation_test: True, env_static_poi: False, env_suofang: 10, env_theta: 60, env_use_pixel_obs: True, 
env_use_square_obs: False, env_zmax: 15, env_zmin: 5, episode_length: 200, evaluate: False, 
exp_name: ippo, gae_lambda: 0.95, gamma: 0.99, grad_norm_clip: 0.5, hidden_dim: 128, 
learning_rate: 3e-4, log_dir: tb, max_poi_speed: 0, normalize_advantages: True, num_episodes: 20000, 
num_max_keep_ckpt: 5, outage_probability: 0, ppo_epochs: 4, scenario_path: scenarios.continuous_mcs3D.ContinuousMCS3D, seed: 23, 
step_episode_length: 100, testing_episodes: 5, testing_interval: 100, trainer_path: trainers.ippo_trainer.IPPOTrainer, training_interval: 1, 
training_times: 4, user: False, user_episode_length: 100, user_episodes: 10, user_num: False, 
value_loss_coef: 0.5, work_dir: checkpoints/ippo, 
Using CUDA device: 0
Using CUDA device: 0
2026-01-22 13:35:51 - root - INFO - No checkpoint found, learn the agent from scratch!

Traceback (most recent call last):
  File "D:\GX\my_project\project_UAV\second\project_UAV-3D-ADJ-GAT\main.py", line 54, in <module>
    trainer.run()
  File "D:\GX\my_project\project_UAV\second\project_UAV-3D-ADJ-GAT\trainers\ippo_trainer.py", line 287, in run
    self._interaction_step(log_vars=log_vars)
  File "D:\GX\my_project\project_UAV\second\project_UAV-3D-ADJ-GAT\trainers\ippo_trainer.py", line 110, in _interaction_step
    actions, action_log_probs, _ = self.agent.learned_actor_model.get_action_and_log_prob(obs_flat)
  File "D:\GX\my_project\project_UAV\second\project_UAV-3D-ADJ-GAT\modules\ippo.py", line 24, in get_action_and_log_prob
    dist = torch.distributions.Categorical(logits=logits)
  File "E:\ProgramData\anaconda3\envs\sdrgn\lib\site-packages\torch\distributions\categorical.py", line 60, in __init__
    self.logits = logits - logits.logsumexp(dim=-1, keepdim=True)
KeyboardInterrupt
